  Camera.cpp
  ObjectData.cpp
C:\dev\OpenGL_RenderingTests\OpenGL_Renderer\src\ECS\Component.h(4,20): warning C4091: 'extern ': ignored on left of 'Entity' when no variable is declared
  Transform.cpp
C:\dev\OpenGL_RenderingTests\OpenGL_Renderer\src\ECS\Component.h(4,20): warning C4091: 'extern ': ignored on left of 'Entity' when no variable is declared
C:\dev\OpenGL_RenderingTests\OpenGL_Renderer\src\Components\Transform.h(30,1): warning C4244: '+=': conversion from 'double' to 'T', possible loss of data
          with
          [
              T=float
          ]
  ComponentManager.cpp
  ECS_Manager.cpp
  EntityManager.cpp
C:\dev\OpenGL_RenderingTests\OpenGL_Renderer\src\ECS\Component.h(4,20): warning C4091: 'extern ': ignored on left of 'Entity' when no variable is declared
C:\dev\OpenGL_RenderingTests\OpenGL_Renderer\src\Components\Transform.h(30,1): warning C4244: '+=': conversion from 'double' to 'T', possible loss of data
          with
          [
              T=float
          ]
  SystemManager.cpp
  FrameBuffer.cpp
C:\dev\OpenGL_RenderingTests\OpenGL_Renderer\src\FrameBuffer.cpp(26,47): warning C4244: 'argument': conversion from 'float' to 'GLsizei', possible loss of data
C:\dev\OpenGL_RenderingTests\OpenGL_Renderer\src\FrameBuffer.cpp(26,44): warning C4244: 'argument': conversion from 'float' to 'GLsizei', possible loss of data
C:\dev\OpenGL_RenderingTests\OpenGL_Renderer\src\FrameBuffer.cpp(27,25): warning C4244: 'argument': conversion from 'float' to 'GLsizei', possible loss of data
C:\dev\OpenGL_RenderingTests\OpenGL_Renderer\src\FrameBuffer.cpp(27,22): warning C4244: 'argument': conversion from 'float' to 'GLsizei', possible loss of data
C:\dev\OpenGL_RenderingTests\OpenGL_Renderer\src\FrameBuffer.cpp(37,47): warning C4244: 'argument': conversion from 'float' to 'GLsizei', possible loss of data
C:\dev\OpenGL_RenderingTests\OpenGL_Renderer\src\FrameBuffer.cpp(37,44): warning C4244: 'argument': conversion from 'float' to 'GLsizei', possible loss of data
  imGuiStyleSheet.cpp
  LightObject.cpp
C:\dev\OpenGL_RenderingTests\OpenGL_Renderer\src\ECS\Component.h(4,20): warning C4091: 'extern ': ignored on left of 'Entity' when no variable is declared
C:\dev\OpenGL_RenderingTests\OpenGL_Renderer\src\Components\Transform.h(30,1): warning C4244: '+=': conversion from 'double' to 'T', possible loss of data
          with
          [
              T=float
          ]
  main.cpp
C:\dev\OpenGL_RenderingTests\OpenGL_Renderer\src\main.cpp(16,10): warning C4067: unexpected tokens following preprocessor directive - expected a newline
C:\dev\OpenGL_RenderingTests\OpenGL_Renderer\src\ECS\Component.h(4,20): warning C4091: 'extern ': ignored on left of 'Entity' when no variable is declared
C:\dev\OpenGL_RenderingTests\OpenGL_Renderer\src\Components\Transform.h(30,1): warning C4244: '+=': conversion from 'double' to 'T', possible loss of data
          with
          [
              T=float
          ]
  Mesh.cpp
  ShaderProgram.cpp
C:\dev\OpenGL_RenderingTests\OpenGL_Renderer\src\ShaderProgram.cpp(142,14): warning C4244: 'initializing': conversion from 'GLint' to 'GLfloat', possible loss of data
C:\dev\OpenGL_RenderingTests\OpenGL_Renderer\src\ShaderProgram.cpp(143,14): warning C4244: 'argument': conversion from 'GLfloat' to 'GLint', possible loss of data
C:\dev\OpenGL_RenderingTests\OpenGL_Renderer\src\ShaderProgram.cpp(148,14): warning C4244: 'initializing': conversion from 'GLint' to 'GLfloat', possible loss of data
C:\dev\OpenGL_RenderingTests\OpenGL_Renderer\src\ShaderProgram.cpp(149,14): warning C4244: 'argument': conversion from 'GLfloat' to 'GLint', possible loss of data
  test.cpp
  test_Dock.cpp
C:\dev\OpenGL_RenderingTests\OpenGL_Renderer\src\ECS\Component.h(4,20): warning C4091: 'extern ': ignored on left of 'Entity' when no variable is declared
C:\dev\OpenGL_RenderingTests\OpenGL_Renderer\src\Components\Transform.h(30,1): warning C4244: '+=': conversion from 'double' to 'T', possible loss of data
          with
          [
              T=float
          ]
C:\dev\OpenGL_RenderingTests\OpenGL_Renderer\src\Tests\test_Dock.cpp(221,90): warning C4244: 'argument': conversion from 'float' to 'GLsizei', possible loss of data
C:\dev\OpenGL_RenderingTests\OpenGL_Renderer\src\Tests\test_Dock.cpp(221,67): warning C4244: 'argument': conversion from 'float' to 'GLsizei', possible loss of data
C:\dev\OpenGL_RenderingTests\OpenGL_Renderer\src\Tests\test_Dock.cpp(223,68): warning C4244: 'argument': conversion from 'float' to 'GLsizei', possible loss of data
C:\dev\OpenGL_RenderingTests\OpenGL_Renderer\src\Tests\test_Dock.cpp(223,45): warning C4244: 'argument': conversion from 'float' to 'GLsizei', possible loss of data
  test_ECS.cpp
C:\dev\OpenGL_RenderingTests\OpenGL_Renderer\src\ECS\Component.h(4,20): warning C4091: 'extern ': ignored on left of 'Entity' when no variable is declared
C:\dev\OpenGL_RenderingTests\OpenGL_Renderer\src\Components\Transform.h(30,1): warning C4244: '+=': conversion from 'double' to 'T', possible loss of data
          with
          [
              T=float
          ]
  test_PBR.cpp
C:\dev\OpenGL_RenderingTests\OpenGL_Renderer\src\ECS\Component.h(4,20): warning C4091: 'extern ': ignored on left of 'Entity' when no variable is declared
C:\dev\OpenGL_RenderingTests\OpenGL_Renderer\src\Components\Transform.h(30,1): warning C4244: '+=': conversion from 'double' to 'T', possible loss of data
          with
          [
              T=float
          ]
C:\dev\OpenGL_RenderingTests\OpenGL_Renderer\src\Tests\test_PBR.cpp(103,78): warning C4244: 'argument': conversion from 'double' to 'float', possible loss of data
C:\dev\OpenGL_RenderingTests\OpenGL_Renderer\src\Tests\test_PBR.cpp(103,47): warning C4244: 'argument': conversion from 'double' to 'float', possible loss of data
C:\dev\OpenGL_RenderingTests\OpenGL_Renderer\src\Tests\test_PBR.cpp(192,30): warning C4018: '<': signed/unsigned mismatch
C:\dev\OpenGL_RenderingTests\OpenGL_Renderer\src\Tests\test_PBR.cpp(209,30): warning C4018: '<': signed/unsigned mismatch
  Texture2D.cpp
  imgui.cpp
  imgui_demo.cpp
  Generating Code...
  Compiling...
  imgui_draw.cpp
  imgui_impl_glfw.cpp
  imgui_impl_opengl3.cpp
  imgui_widgets.cpp
  Generating Code...
  OpenGL_Renderer.vcxproj -> C:\dev\OpenGL_RenderingTests\OpenGL_Renderer\bin\OpenGL_Renderer.exe
