  Depth_Pass.cpp
C:\dev\Proc-GL\OpenGL_Renderer\src\Engine\Buffers\Depth_Pass.cpp(43,55): warning C4244: 'argument': conversion from 'float' to 'GLsizei', possible loss of data
C:\dev\Proc-GL\OpenGL_Renderer\src\Engine\Buffers\Depth_Pass.cpp(43,41): warning C4244: 'argument': conversion from 'float' to 'GLsizei', possible loss of data
C:\dev\Proc-GL\OpenGL_Renderer\src\Engine\Buffers\Depth_Pass.cpp(46,69): warning C4244: 'argument': conversion from 'float' to 'GLsizei', possible loss of data
C:\dev\Proc-GL\OpenGL_Renderer\src\Engine\Buffers\Depth_Pass.cpp(46,55): warning C4244: 'argument': conversion from 'float' to 'GLsizei', possible loss of data
C:\dev\Proc-GL\OpenGL_Renderer\src\Engine\Buffers\Depth_Pass.cpp(48,33): warning C4244: 'argument': conversion from 'float' to 'GLsizei', possible loss of data
C:\dev\Proc-GL\OpenGL_Renderer\src\Engine\Buffers\Depth_Pass.cpp(48,19): warning C4244: 'argument': conversion from 'float' to 'GLsizei', possible loss of data
C:\dev\Proc-GL\OpenGL_Renderer\src\Engine\Buffers\Depth_Pass.cpp(57,55): warning C4244: 'argument': conversion from 'float' to 'GLsizei', possible loss of data
C:\dev\Proc-GL\OpenGL_Renderer\src\Engine\Buffers\Depth_Pass.cpp(57,41): warning C4244: 'argument': conversion from 'float' to 'GLsizei', possible loss of data
C:\dev\Proc-GL\OpenGL_Renderer\src\Engine\Buffers\Depth_Pass.cpp(70,67): warning C4244: 'argument': conversion from 'float' to 'GLsizei', possible loss of data
C:\dev\Proc-GL\OpenGL_Renderer\src\Engine\Buffers\Depth_Pass.cpp(70,53): warning C4244: 'argument': conversion from 'float' to 'GLsizei', possible loss of data
  FrameBuffer.cpp
C:\dev\Proc-GL\OpenGL_Renderer\src\Engine\Buffers\FrameBuffer.cpp(44,58): warning C4244: 'argument': conversion from 'float' to 'GLsizei', possible loss of data
C:\dev\Proc-GL\OpenGL_Renderer\src\Engine\Buffers\FrameBuffer.cpp(44,44): warning C4244: 'argument': conversion from 'float' to 'GLsizei', possible loss of data
C:\dev\Proc-GL\OpenGL_Renderer\src\Engine\Buffers\FrameBuffer.cpp(47,69): warning C4244: 'argument': conversion from 'float' to 'GLsizei', possible loss of data
C:\dev\Proc-GL\OpenGL_Renderer\src\Engine\Buffers\FrameBuffer.cpp(47,55): warning C4244: 'argument': conversion from 'float' to 'GLsizei', possible loss of data
C:\dev\Proc-GL\OpenGL_Renderer\src\Engine\Buffers\FrameBuffer.cpp(49,36): warning C4244: 'argument': conversion from 'float' to 'GLsizei', possible loss of data
C:\dev\Proc-GL\OpenGL_Renderer\src\Engine\Buffers\FrameBuffer.cpp(49,22): warning C4244: 'argument': conversion from 'float' to 'GLsizei', possible loss of data
C:\dev\Proc-GL\OpenGL_Renderer\src\Engine\Buffers\FrameBuffer.cpp(58,58): warning C4244: 'argument': conversion from 'float' to 'GLsizei', possible loss of data
C:\dev\Proc-GL\OpenGL_Renderer\src\Engine\Buffers\FrameBuffer.cpp(58,44): warning C4244: 'argument': conversion from 'float' to 'GLsizei', possible loss of data
LINK : warning LNK4098: defaultlib 'LIBCMT' conflicts with use of other libs; use /NODEFAULTLIB:library
  Generating code
  46 of 4585 functions ( 1.0%) were compiled, the rest were copied from previous compilation.
    0 functions were new in current compilation
    77 functions had inline decision re-evaluated but remain unchanged
  Finished generating code
LINK : warning LNK4286: symbol '___glewDeleteBuffers' defined in 'glew32s.lib(glew.obj)' is imported by 'Anim_Mesh.obj'
LINK : warning LNK4286: symbol '___glewGenBuffers' defined in 'glew32s.lib(glew.obj)' is imported by 'Anim_Mesh.obj'
LINK : warning LNK4286: symbol '___glewVertexAttribIPointer' defined in 'glew32s.lib(glew.obj)' is imported by 'Anim_Mesh.obj'
LINK : warning LNK4286: symbol '___glewUniformMatrix4fv' defined in 'glew32s.lib(glew.obj)' is imported by 'Anim_Mesh.obj'
LINK : warning LNK4286: symbol '___glewGenVertexArrays' defined in 'glew32s.lib(glew.obj)' is imported by 'Anim_Mesh.obj'
LINK : warning LNK4286: symbol '___glewActiveTexture' defined in 'glew32s.lib(glew.obj)' is imported by 'Anim_Mesh.obj'
LINK : warning LNK4286: symbol '___glewBufferData' defined in 'glew32s.lib(glew.obj)' is imported by 'Anim_Mesh.obj'
LINK : warning LNK4286: symbol '___glewGetUniformLocation' defined in 'glew32s.lib(glew.obj)' is imported by 'Anim_Mesh.obj'
LINK : warning LNK4286: symbol '___glewDeleteVertexArrays' defined in 'glew32s.lib(glew.obj)' is imported by 'Anim_Mesh.obj'
LINK : warning LNK4286: symbol '___glewBindBuffer' defined in 'glew32s.lib(glew.obj)' is imported by 'Anim_Mesh.obj'
LINK : warning LNK4286: symbol '___glewObjectLabel' defined in 'glew32s.lib(glew.obj)' is imported by 'Anim_Mesh.obj'
LINK : warning LNK4286: symbol '___glewVertexAttribPointer' defined in 'glew32s.lib(glew.obj)' is imported by 'Anim_Mesh.obj'
LINK : warning LNK4286: symbol '___glewBindVertexArray' defined in 'glew32s.lib(glew.obj)' is imported by 'Anim_Mesh.obj'
LINK : warning LNK4286: symbol '___glewEnableVertexAttribArray' defined in 'glew32s.lib(glew.obj)' is imported by 'Anim_Mesh.obj'
LINK : warning LNK4286: symbol '___glewBindFramebuffer' defined in 'glew32s.lib(glew.obj)' is imported by 'DepthBuffer.obj'
LINK : warning LNK4286: symbol '___glewGenFramebuffers' defined in 'glew32s.lib(glew.obj)' is imported by 'DepthBuffer.obj'
LINK : warning LNK4286: symbol '___glewFramebufferTexture2D' defined in 'glew32s.lib(glew.obj)' is imported by 'DepthBuffer.obj'
LINK : warning LNK4286: symbol '___glewDeleteFramebuffers' defined in 'glew32s.lib(glew.obj)' is imported by 'Depth_Pass.obj'
LINK : warning LNK4286: symbol '___glewDrawBuffers' defined in 'glew32s.lib(glew.obj)' is imported by 'Depth_Pass.obj'
LINK : warning LNK4286: symbol '___glewFramebufferTexture' defined in 'glew32s.lib(glew.obj)' is imported by 'Depth_Pass.obj'
LINK : warning LNK4286: symbol '___glewUniform4f' defined in 'glew32s.lib(glew.obj)' is imported by 'ShaderProgram.obj'
LINK : warning LNK4286: symbol '___glewLinkProgram' defined in 'glew32s.lib(glew.obj)' is imported by 'ShaderProgram.obj'
LINK : warning LNK4286: symbol '___glewDeleteShader' defined in 'glew32s.lib(glew.obj)' is imported by 'ShaderProgram.obj'
LINK : warning LNK4286: symbol '___glewUniform3f' defined in 'glew32s.lib(glew.obj)' is imported by 'ShaderProgram.obj'
LINK : warning LNK4286: symbol '___glewGetProgramInfoLog' defined in 'glew32s.lib(glew.obj)' is imported by 'ShaderProgram.obj'
LINK : warning LNK4286: symbol '___glewShaderSource' defined in 'glew32s.lib(glew.obj)' is imported by 'ShaderProgram.obj'
LINK : warning LNK4286: symbol '___glewAttachShader' defined in 'glew32s.lib(glew.obj)' is imported by 'ShaderProgram.obj'
LINK : warning LNK4286: symbol '___glewUniform1f' defined in 'glew32s.lib(glew.obj)' is imported by 'ShaderProgram.obj'
LINK : warning LNK4286: symbol '___glewGetProgramiv' defined in 'glew32s.lib(glew.obj)' is imported by 'ShaderProgram.obj'
LINK : warning LNK4286: symbol '___glewUniform2f' defined in 'glew32s.lib(glew.obj)' is imported by 'ShaderProgram.obj'
LINK : warning LNK4286: symbol '___glewGetShaderInfoLog' defined in 'glew32s.lib(glew.obj)' is imported by 'ShaderProgram.obj'
LINK : warning LNK4286: symbol '___glewUniform1i' defined in 'glew32s.lib(glew.obj)' is imported by 'ShaderProgram.obj'
LINK : warning LNK4286: symbol '___glewCreateProgram' defined in 'glew32s.lib(glew.obj)' is imported by 'ShaderProgram.obj'
LINK : warning LNK4286: symbol '___glewCreateShader' defined in 'glew32s.lib(glew.obj)' is imported by 'ShaderProgram.obj'
LINK : warning LNK4286: symbol '___glewCompileShader' defined in 'glew32s.lib(glew.obj)' is imported by 'ShaderProgram.obj'
LINK : warning LNK4286: symbol '___glewGetShaderiv' defined in 'glew32s.lib(glew.obj)' is imported by 'ShaderProgram.obj'
LINK : warning LNK4286: symbol '___glewUseProgram' defined in 'glew32s.lib(glew.obj)' is imported by 'ShaderProgram.obj'
LINK : warning LNK4286: symbol '___glewCheckFramebufferStatus' defined in 'glew32s.lib(glew.obj)' is imported by 'test_defaultTest.obj'
LINK : warning LNK4286: symbol '___glewGenerateMipmap' defined in 'glew32s.lib(glew.obj)' is imported by 'Texture2D.obj'
LINK : warning LNK4286: symbol '___glewDetachShader' defined in 'glew32s.lib(glew.obj)' is imported by 'imgui_impl_opengl3.obj'
LINK : warning LNK4286: symbol '___glewBlendEquationSeparate' defined in 'glew32s.lib(glew.obj)' is imported by 'imgui_impl_opengl3.obj'
LINK : warning LNK4286: symbol '___glewBlendEquation' defined in 'glew32s.lib(glew.obj)' is imported by 'imgui_impl_opengl3.obj'
LINK : warning LNK4286: symbol '___glewDeleteProgram' defined in 'glew32s.lib(glew.obj)' is imported by 'imgui_impl_opengl3.obj'
LINK : warning LNK4286: symbol '___glewBlendFuncSeparate' defined in 'glew32s.lib(glew.obj)' is imported by 'imgui_impl_opengl3.obj'
LINK : warning LNK4286: symbol '___glewGetAttribLocation' defined in 'glew32s.lib(glew.obj)' is imported by 'imgui_impl_opengl3.obj'
LINK : warning LNK4286: symbol '___glewDrawElementsBaseVertex' defined in 'glew32s.lib(glew.obj)' is imported by 'imgui_impl_opengl3.obj'
LINK : warning LNK4286: symbol '___glewBindSampler' defined in 'glew32s.lib(glew.obj)' is imported by 'imgui_impl_opengl3.obj'
glew32s.lib(glew.obj) : warning LNK4099: PDB 'glew_static.pdb' was not found with 'glew32s.lib(glew.obj)' or at 'C:\dev\Proc-GL\OpenGL_Renderer\bin\glew_static.pdb'; linking object as if no debug info
  OpenGL_Renderer.vcxproj -> C:\dev\Proc-GL\OpenGL_Renderer\bin\OpenGL_Renderer.exe
