  Camera.cpp
C:\dev\Proc-GL\OpenGL_Renderer\src\Camera.h(4,10): fatal error C1083: Cannot open include file: 'GLFW/glfw3.h': No such file or directory
  EditorCamera.cpp
C:\dev\Proc-GL\OpenGL_Renderer\src\Components\EditorCamera.h(4,10): fatal error C1083: Cannot open include file: 'GLFW/glfw3.h': No such file or directory
  ObjectData.cpp
C:\dev\Proc-GL\OpenGL_Renderer\src\Components\ObjectData.h(10,10): fatal error C1083: Cannot open include file: 'glm/gtc/type_ptr.hpp': No such file or directory
  script_simpleBehaviours.cpp
C:\dev\Proc-GL\OpenGL_Renderer\src\Components\ObjectData.h(10,10): fatal error C1083: Cannot open include file: 'glm/gtc/type_ptr.hpp': No such file or directory
  Transform.cpp
C:\dev\Proc-GL\OpenGL_Renderer\src\Components\Transform.h(5,10): fatal error C1083: Cannot open include file: 'glm/gtx/quaternion.hpp': No such file or directory
  DepthBuffer.cpp
C:\dev\Proc-GL\OpenGL_Renderer\src\Texture2D.h(4,10): fatal error C1083: Cannot open include file: 'GL/glew.h': No such file or directory
  Component.cpp
  ComponentManager.cpp
  EntityManager.cpp
C:\dev\Proc-GL\OpenGL_Renderer\src\Components\ObjectData.h(10,10): fatal error C1083: Cannot open include file: 'glm/gtc/type_ptr.hpp': No such file or directory
  SystemManager.cpp
  EditorGUI.cpp
C:\dev\Proc-GL\OpenGL_Renderer\src\vendor\imgui\imgui_impl_opengl3.h(82,1): fatal error C1189: #error:  "Cannot detect OpenGL loader!"
  Shader_UniformSetter.cpp
C:\dev\Proc-GL\OpenGL_Renderer\src\Components\ObjectData.h(10,10): fatal error C1083: Cannot open include file: 'glm/gtc/type_ptr.hpp': No such file or directory
  FrameBuffer.cpp
C:\dev\Proc-GL\OpenGL_Renderer\src\Texture2D.h(4,10): fatal error C1083: Cannot open include file: 'GL/glew.h': No such file or directory
  imGuiStyleSheet.cpp
  LightObject.cpp
C:\dev\Proc-GL\OpenGL_Renderer\src\Components\Transform.h(5,10): fatal error C1083: Cannot open include file: 'glm/gtx/quaternion.hpp': No such file or directory
  main.cpp
C:\dev\Proc-GL\OpenGL_Renderer\src\main.cpp(6,10): fatal error C1083: Cannot open include file: 'GL/glew.h': No such file or directory
  Mesh.cpp
C:\dev\Proc-GL\OpenGL_Renderer\src\Mesh.h(7,10): fatal error C1083: Cannot open include file: 'GL/glew.h': No such file or directory
  ShaderProgram.cpp
C:\dev\Proc-GL\OpenGL_Renderer\src\ShaderProgram.h(6,9): fatal error C1083: Cannot open include file: 'GL/glew.h': No such file or directory
  test_defaultTest.cpp
C:\dev\Proc-GL\OpenGL_Renderer\src\Components\ObjectData.h(10,10): fatal error C1083: Cannot open include file: 'glm/gtc/type_ptr.hpp': No such file or directory
  test.cpp
  Generating Code...
  Compiling...
  test_Dock.cpp
C:\dev\Proc-GL\OpenGL_Renderer\src\Components\ObjectData.h(10,10): fatal error C1083: Cannot open include file: 'glm/gtc/type_ptr.hpp': No such file or directory
  test_ECS.cpp
C:\dev\Proc-GL\OpenGL_Renderer\src\Components\ObjectData.h(10,10): fatal error C1083: Cannot open include file: 'glm/gtc/type_ptr.hpp': No such file or directory
  test_imguizmo.cpp
C:\dev\Proc-GL\OpenGL_Renderer\src\Components\ObjectData.h(10,10): fatal error C1083: Cannot open include file: 'glm/gtc/type_ptr.hpp': No such file or directory
  test_PBR.cpp
C:\dev\Proc-GL\OpenGL_Renderer\src\Components\ObjectData.h(10,10): fatal error C1083: Cannot open include file: 'glm/gtc/type_ptr.hpp': No such file or directory
  test_shadowMap.cpp
C:\dev\Proc-GL\OpenGL_Renderer\src\Components\ObjectData.h(10,10): fatal error C1083: Cannot open include file: 'glm/gtc/type_ptr.hpp': No such file or directory
  Texture2D.cpp
C:\dev\Proc-GL\OpenGL_Renderer\src\Texture2D.h(4,10): fatal error C1083: Cannot open include file: 'GL/glew.h': No such file or directory
  ImCurveEdit.cpp
  ImGradient.cpp
  ImGuizmo.cpp
  ImSequencer.cpp
  imgui.cpp
  imgui_demo.cpp
  imgui_draw.cpp
  imgui_impl_glfw.cpp
C:\dev\Proc-GL\OpenGL_Renderer\src\vendor\imgui\imgui_impl_glfw.cpp(49,10): fatal error C1083: Cannot open include file: 'GLFW/glfw3.h': No such file or directory
  imgui_impl_opengl3.cpp
C:\dev\Proc-GL\OpenGL_Renderer\src\vendor\imgui\imgui_impl_opengl3.h(82,1): fatal error C1189: #error:  "Cannot detect OpenGL loader!"
  imgui_widgets.cpp
  Generating Code...
